ala_at_PNPLA3.inter.pkl
ala_at_SAMM50.inter.pkl
apo_b_APOE.inter.pkl
apo_b_BCAM.inter.pkl
asp_at_PNPLA3.inter.pkl
bilirubin_direct_DGKD.inter.pkl
bilirubin_direct_SAG.inter.pkl
bilirubin_direct_UGT1A8.inter.pkl
bilirubin_direct_USP40.inter.pkl
blood_eosinophil_PRG3.inter.pkl
blood_mch_TMPRSS6.inter.pkl
blood_monocyte_CECR1.inter.pkl
blood_mscv_OR10Z1.inter.pkl
blood_mscv_SPTA1.inter.pkl
blood_platelet_distrib_width_EDN3.inter.pkl
blood_platelet_distrib_width_TUBB1.inter.pkl
creatinine_DNAJC16.inter.pkl
hba1c_HK1.inter.pkl
hdl_CETP.inter.pkl
ldl_APOE.inter.pkl
lipo_a_AGPAT4.inter.pkl
lipo_a_IGF2R.inter.pkl
lipo_a_LPA.inter.pkl
lipo_a_PLG.inter.pkl
lipo_a_SLC22A2.inter.pkl
lipo_a_SLC22A3.inter.pkl
match.sh
shbg_TNK1.inter.pkl
urate_DNAJC16.inter.pkl
urate_MEPE.inter.pkl
urate_WDR1.inter.pkl
urea_MUC1.inter.pkl
